<?xml version="1.0" encoding="UTF-8"?>
<!-- Generated by org.testng.reporters.JUnitReportReporter -->
<testsuite skipped="0" hostname="qaplanet35" name="TestScripts.TC2_AddEmp" tests="1" failures="0" timestamp="16 Nov 2017 06:42:16 GMT" time="22.037" errors="0">
  <testcase name="AddEmployee" time="22.037" classname="TestScripts.TC2_AddEmp"/>
</testsuite> <!-- TestScripts.TC2_AddEmp -->
