<?xml version="1.0" encoding="UTF-8"?>
<!-- Generated by org.testng.reporters.JUnitReportReporter -->
<testsuite skipped="0" hostname="qaplanet35" name="TestScripts.Tc1_Login" tests="1" failures="0" timestamp="16 Nov 2017 06:42:16 GMT" time="13.470" errors="0">
  <testcase name="verifyOrangeHRM" time="13.470" classname="TestScripts.Tc1_Login"/>
</testsuite> <!-- TestScripts.Tc1_Login -->
